<?xml version="1.0" encoding="UTF-8" standalone="no"?>
<testsuite failures="0" name="cucumber.runtime.formatter.JUnitFormatter" skipped="0" tests="1" time="26.515988">
    <testcase classname="Deals data creation" name="Free CRM create a new deal Scenario" time="26.515988">
        <system-out><![CDATA[Given user is already on Login Page.........................................passed
When Title of login page is Free CRM........................................passed
Then user enters username and password......................................passed
Then user clicks on login button............................................passed
Then user is on home page...................................................passed
Then user moves to new deal page............................................passed
Then user enters deal details...............................................passed
Then close the browser......................................................passed
]]></system-out>
    </testcase>
</testsuite>
